0 info it worked if it ends with ok
1 verbose cli [ '/usr/local/bin/node',
1 verbose cli   '/usr/local/bin/npm',
1 verbose cli   'install',
1 verbose cli   '-g',
1 verbose cli   'browser-sync' ]
2 info using npm@2.15.1
3 info using node@v4.4.3
4 verbose install initial load of /usr/local/lib/package.json
5 verbose readDependencies loading dependencies from /usr/local/lib/package.json
6 silly cache add args [ 'browser-sync', null ]
7 verbose cache add spec browser-sync
8 silly cache add parsed spec Result {
8 silly cache add   raw: 'browser-sync',
8 silly cache add   scope: null,
8 silly cache add   name: 'browser-sync',
8 silly cache add   rawSpec: '',
8 silly cache add   spec: 'latest',
8 silly cache add   type: 'tag' }
9 silly addNamed browser-sync@latest
10 verbose addNamed "latest" is being treated as a dist-tag for browser-sync
11 info addNameTag [ 'browser-sync', 'latest' ]
12 silly mapToRegistry name browser-sync
13 silly mapToRegistry using default registry
14 silly mapToRegistry registry https://registry.npmjs.org/
15 silly mapToRegistry data Result {
15 silly mapToRegistry   raw: 'browser-sync',
15 silly mapToRegistry   scope: null,
15 silly mapToRegistry   name: 'browser-sync',
15 silly mapToRegistry   rawSpec: '',
15 silly mapToRegistry   spec: 'latest',
15 silly mapToRegistry   type: 'tag' }
16 silly mapToRegistry uri https://registry.npmjs.org/browser-sync
17 verbose addNameTag registry:https://registry.npmjs.org/browser-sync not in flight; fetching
18 verbose request uri https://registry.npmjs.org/browser-sync
19 verbose request no auth needed
20 info attempt registry request try #1 at 10:25:08 PM
21 verbose request id 48937b7b0d877507
22 verbose etag "59SRZX2NY2C75IGS32MJDWE5V"
23 http request GET https://registry.npmjs.org/browser-sync
24 http 304 https://registry.npmjs.org/browser-sync
25 verbose headers { date: 'Fri, 15 Apr 2016 03:25:08 GMT',
25 verbose headers   via: '1.1 varnish',
25 verbose headers   'cache-control': 'max-age=300',
25 verbose headers   etag: '"59SRZX2NY2C75IGS32MJDWE5V"',
25 verbose headers   age: '107',
25 verbose headers   connection: 'keep-alive',
25 verbose headers   'x-served-by': 'cache-dfw1840-DFW',
25 verbose headers   'x-cache': 'HIT',
25 verbose headers   'x-cache-hits': '1',
25 verbose headers   'x-timer': 'S1460690708.237444,VS0,VE0',
25 verbose headers   vary: 'Accept-Encoding' }
26 silly get cb [ 304,
26 silly get   { date: 'Fri, 15 Apr 2016 03:25:08 GMT',
26 silly get     via: '1.1 varnish',
26 silly get     'cache-control': 'max-age=300',
26 silly get     etag: '"59SRZX2NY2C75IGS32MJDWE5V"',
26 silly get     age: '107',
26 silly get     connection: 'keep-alive',
26 silly get     'x-served-by': 'cache-dfw1840-DFW',
26 silly get     'x-cache': 'HIT',
26 silly get     'x-cache-hits': '1',
26 silly get     'x-timer': 'S1460690708.237444,VS0,VE0',
26 silly get     vary: 'Accept-Encoding' } ]
27 verbose etag https://registry.npmjs.org/browser-sync from cache
28 verbose get saving browser-sync to /Users/lauriehawton1/.npm/registry.npmjs.org/browser-sync/.cache.json
29 verbose correctMkdir /Users/lauriehawton1/.npm correctMkdir not in flight; initializing
30 silly addNameTag next cb for browser-sync with tag latest
31 silly addNamed browser-sync@2.12.3
32 verbose addNamed "2.12.3" is a plain semver version for browser-sync
33 silly cache afterAdd browser-sync@2.12.3
34 verbose afterAdd /Users/lauriehawton1/.npm/browser-sync/2.12.3/package/package.json not in flight; writing
35 verbose correctMkdir /Users/lauriehawton1/.npm correctMkdir not in flight; initializing
36 verbose afterAdd /Users/lauriehawton1/.npm/browser-sync/2.12.3/package/package.json written
37 silly install resolved [ { name: 'browser-sync',
37 silly install resolved     description: 'Live CSS Reload & Browser Syncing',
37 silly install resolved     version: '2.12.3',
37 silly install resolved     homepage: 'http://www.browsersync.io/',
37 silly install resolved     author: { name: 'Shane Osbourne' },
37 silly install resolved     repository:
37 silly install resolved      { type: 'git',
37 silly install resolved        url: 'git+https://github.com/browsersync/browser-sync.git' },
37 silly install resolved     license: 'Apache-2.0',
37 silly install resolved     bin: { 'browser-sync': 'bin/browser-sync.js' },
37 silly install resolved     files: [ 'bin', 'index.js', 'lib' ],
37 silly install resolved     engines: { node: '>= 0.8.0' },
37 silly install resolved     scripts:
37 silly install resolved      { env: 'node ./test/env.js',
37 silly install resolved        test: 'npm run lint && npm run env && npm run unit',
37 silly install resolved        lint: 'eslint index.js lib bin examples test/specs gulpfile.js',
37 silly install resolved        pro: 'protractor test/protractor/config.single.js',
37 silly install resolved        'pro-local': 'node test/protractor/setup.js',
37 silly install resolved        unit: 'mocha --recursive test/specs --timeout 10000',
37 silly install resolved        cover: 'npm run env && npm run cover-local && npm run coveralls',
37 silly install resolved        'cover-local': 'istanbul cover _mocha -- --timeout 10000 --recursive ./test/specs',
37 silly install resolved        coveralls: 'istanbul-coveralls',
37 silly install resolved        'pre-release': 'npm test && npm run pro-local && npm run pro' },
37 silly install resolved     dependencies:
37 silly install resolved      { 'browser-sync-client': '^2.3.3',
37 silly install resolved        'browser-sync-ui': '0.5.19',
37 silly install resolved        'bs-recipes': '1.2.2',
37 silly install resolved        chokidar: '1.4.3',
37 silly install resolved        connect: '3.4.1',
37 silly install resolved        'dev-ip': '^1.0.1',
37 silly install resolved        'easy-extender': '2.3.2',
37 silly install resolved        'eazy-logger': '^2.1.2',
37 silly install resolved        'emitter-steward': '^1.0.0',
37 silly install resolved        'fs-extra': '0.26.7',
37 silly install resolved        'http-proxy': '1.13.2',
37 silly install resolved        immutable: '3.7.6',
37 silly install resolved        localtunnel: '1.8.1',
37 silly install resolved        lodash: '4.10.0',
37 silly install resolved        micromatch: '2.3.7',
37 silly install resolved        opn: '^3.0.2',
37 silly install resolved        portscanner: '^1.0.0',
37 silly install resolved        qs: '6.1.0',
37 silly install resolved        'resp-modifier': '6.0.0',
37 silly install resolved        'serve-index': '1.7.3',
37 silly install resolved        'serve-static': '1.10.2',
37 silly install resolved        'socket.io': '1.4.5',
37 silly install resolved        'ua-parser-js': '0.7.10',
37 silly install resolved        ucfirst: '^1.0.0',
37 silly install resolved        yargs: '4.4.0' },
37 silly install resolved     devDependencies:
37 silly install resolved      { 'browser-sync-spa': '1.0.2',
37 silly install resolved        'bs-html-injector': '3.0.1',
37 silly install resolved        'bs-snippet-injector': '2.0.1',
37 silly install resolved        chai: '3.2.0',
37 silly install resolved        chalk: '1.1.1',
37 silly install resolved        compression: '1.6.1',
37 silly install resolved        eslint: '1.3.1',
37 silly install resolved        'graceful-fs': '3.0.8',
37 silly install resolved        gulp: '3.9.0',
37 silly install resolved        'gulp-contribs': '0.0.3',
37 silly install resolved        'gulp-conventional-changelog': '0.4.0',
37 silly install resolved        'gulp-filter': '2.0.2',
37 silly install resolved        istanbul: '0.3.19',
37 silly install resolved        'istanbul-coveralls': '1.0.3',
37 silly install resolved        mocha: '2.3.0',
37 silly install resolved        q: '1.4.1',
37 silly install resolved        request: '2.61.0',
37 silly install resolved        rimraf: '2.5.2',
37 silly install resolved        sinon: '1.15.4',
37 silly install resolved        slugify: '0.1.1',
37 silly install resolved        'socket.io-client': '^1.4.5',
37 silly install resolved        supertest: '1.1.0',
37 silly install resolved        vinyl: '0.5.3' },
37 silly install resolved     keywords: [ 'browser sync', 'css', 'live reload', 'sync' ],
37 silly install resolved     gitHead: 'f1baae1082e12e18fa5deb7ddc413e388f302d3d',
37 silly install resolved     bugs: { url: 'https://github.com/browsersync/browser-sync/issues' },
37 silly install resolved     _id: 'browser-sync@2.12.3',
37 silly install resolved     _shasum: '380428759a75d5fe417346389d96a4c1528b5b45',
37 silly install resolved     _from: 'browser-sync@latest',
37 silly install resolved     _npmVersion: '2.14.12',
37 silly install resolved     _nodeVersion: '4.2.4',
37 silly install resolved     _npmUser: { name: 'shakyshane', email: 'shakyshane@gmail.com' },
37 silly install resolved     dist:
37 silly install resolved      { shasum: '380428759a75d5fe417346389d96a4c1528b5b45',
37 silly install resolved        tarball: 'https://registry.npmjs.org/browser-sync/-/browser-sync-2.12.3.tgz' },
37 silly install resolved     maintainers: [ [Object] ],
37 silly install resolved     _npmOperationalInternal:
37 silly install resolved      { host: 'packages-16-east.internal.npmjs.com',
37 silly install resolved        tmp: 'tmp/browser-sync-2.12.3.tgz_1460570634251_0.41555689251981676' },
37 silly install resolved     directories: {},
37 silly install resolved     _resolved: 'https://registry.npmjs.org/browser-sync/-/browser-sync-2.12.3.tgz',
37 silly install resolved     readme: 'ERROR: No README data found!' } ]
38 info install browser-sync@2.12.3 into /usr/local/lib
39 info installOne browser-sync@2.12.3
40 verbose installOne of browser-sync to /usr/local/lib not in flight; installing
41 verbose correctMkdir /Users/lauriehawton1/.npm/_locks correctMkdir not in flight; initializing
42 verbose lock using /Users/lauriehawton1/.npm/_locks/browser-sync-ed941186c435fb34.lock for /usr/local/lib/node_modules/browser-sync
43 silly install write writing browser-sync 2.12.3 to /usr/local/lib/node_modules/browser-sync
44 verbose unbuild lib/node_modules/browser-sync
45 silly gentlyRm /usr/local/lib/node_modules/browser-sync is being purged from base /usr/local
46 verbose gentlyRm don't care about contents; nuking /usr/local/lib/node_modules/browser-sync
47 verbose tar unpack /Users/lauriehawton1/.npm/browser-sync/2.12.3/package.tgz
48 verbose tar unpacking to /usr/local/lib/node_modules/browser-sync
49 silly gentlyRm /usr/local/lib/node_modules/browser-sync is being purged
50 verbose gentlyRm don't care about contents; nuking /usr/local/lib/node_modules/browser-sync
51 silly gunzTarPerm modes [ '755', '644' ]
52 error tar.unpack untar error /Users/lauriehawton1/.npm/browser-sync/2.12.3/package.tgz
53 verbose unlock done using /Users/lauriehawton1/.npm/_locks/browser-sync-ed941186c435fb34.lock for /usr/local/lib/node_modules/browser-sync
54 verbose fstream_path /usr/local/lib/node_modules/browser-sync
55 verbose fstream_type Directory
56 verbose fstream_class DirWriter
57 verbose stack Error: EACCES: permission denied, mkdir '/usr/local/lib/node_modules/browser-sync'
57 verbose stack     at Error (native)
58 verbose fstream_stack /usr/local/lib/node_modules/npm/node_modules/fstream/lib/dir-writer.js:35:25
58 verbose fstream_stack /usr/local/lib/node_modules/npm/node_modules/mkdirp/index.js:47:53
58 verbose fstream_stack FSReqWrap.oncomplete (fs.js:82:15)
59 verbose cwd /Users/lauriehawton1/Desktop/webdev1/week12/trippp.le
60 error Darwin 14.5.0
61 error argv "/usr/local/bin/node" "/usr/local/bin/npm" "install" "-g" "browser-sync"
62 error node v4.4.3
63 error npm  v2.15.1
64 error path /usr/local/lib/node_modules/browser-sync
65 error code EACCES
66 error errno -13
67 error syscall mkdir
68 error Error: EACCES: permission denied, mkdir '/usr/local/lib/node_modules/browser-sync'
68 error     at Error (native)
68 error  { [Error: EACCES: permission denied, mkdir '/usr/local/lib/node_modules/browser-sync']
68 error   errno: -13,
68 error   code: 'EACCES',
68 error   syscall: 'mkdir',
68 error   path: '/usr/local/lib/node_modules/browser-sync',
68 error   fstream_type: 'Directory',
68 error   fstream_path: '/usr/local/lib/node_modules/browser-sync',
68 error   fstream_class: 'DirWriter',
68 error   fstream_stack:
68 error    [ '/usr/local/lib/node_modules/npm/node_modules/fstream/lib/dir-writer.js:35:25',
68 error      '/usr/local/lib/node_modules/npm/node_modules/mkdirp/index.js:47:53',
68 error      'FSReqWrap.oncomplete (fs.js:82:15)' ] }
69 error Please try running this command again as root/Administrator.
70 verbose exit [ -13, true ]
71 verbose unbuild lib/node_modules/browser-sync
72 silly gentlyRm /usr/local/lib/node_modules/browser-sync is being purged from base /usr/local
73 verbose gentlyRm don't care about contents; nuking /usr/local/lib/node_modules/browser-sync
